-- The C compiler identification is Clang 18.1.3
-- The CXX compiler identification is Clang 18.1.3
-- Detecting C compiler ABI info
-- Detecting C compiler ABI info - done
-- Check for working C compiler: /bin/clang - skipped
-- Detecting C compile features
-- Detecting C compile features - done
-- Detecting CXX compiler ABI info
-- Detecting CXX compiler ABI info - done
-- Check for working CXX compiler: /bin/clang++ - skipped
-- Detecting CXX compile features
-- Detecting CXX compile features - done
-- Found PkgConfig: /bin/pkg-config (found version "2.1.1")
-- Checking for module 'sigc++-2.0'
--   Found sigc++-2.0, version 2.12.1
-- Checking for module 'pixman-1'
--   Found pixman-1, version 0.43.2
-- Checking for module 'physfs>=2.1'
--   Found physfs, version 3.2.0
-- Checking for module 'vorbisfile'
--   Found vorbisfile, version 1.3.7
-- Checking for module 'sdl2'
--   Found sdl2, version 2.31.0
-- Checking for module 'SDL2_ttf'
--   Found SDL2_ttf, version 2.23.0
-- Checking for module 'SDL2_image'
--   Found SDL2_image, version 2.9.0
-- Checking for module 'SDL2_sound'
--   Found SDL2_sound, version 2.0.3
-- Found Boost: /lib64/cmake/Boost-1.84.0/BoostConfig.cmake (found suitable version "1.84.0", minimum required is "1.49") found components: program_options
-- Found OpenAL: /usr/lib64/libopenal.so
-- Found ZLIB: /usr/lib64/libz.so (found version "1.3.1")
-- Checking for module 'ruby-2.1'
--   Package 'ruby-2.1', required by 'virtual:world', not found
-- Configuring incomplete, errors occurred!
