RGSS version 3 (VX Ace) 
ALC_SOFT_pause_device present 
GL Vendor    : AMD 
GL Renderer  : AMD Radeon RX 6600 (radeonsi, navi23, LLVM 18.1.3, DRM 3.57, 6.8.6-1-default) 
GL Version   : 4.6 (Compatibility Profile) Mesa 24.0.3 
GLSL Version : 4.60 
ruby: [BUG] Segmentation fault at 0x0000000000000040
ruby 3.3.0 (2023-12-25 revision 5124f9ac75) [x86_64-linux-gnu]

-- Control frame information -----------------------------------------------
c:0003 p:---- s:0009 e:000008 CFUNC  :load
c:0002 p:---- s:0006 E:000e30 CFUNC  :load
c:0001 p:0000 s:0003 E:000490 DUMMY  [FINISH]

-- Ruby level backtrace information ----------------------------------------
ruby:0:in `load'
ruby:0:in `load'

-- Threading information ---------------------------------------------------
Total ractor count: 1
Ruby thread count for this ractor: 1

-- Machine register context ------------------------------------------------
 RIP: 0x00007f482b698275 RBP: 0x0000000000000004 RSP: 0x00007f48115f6f70
 RAX: 0x0000000000000000 RBX: 0x00007f4823f0fad8 RCX: 0x00007f47e4961630
 RDX: 0x00007f482b93e974 RDI: 0x00007f47e4961630 RSI: 0x0000000000000006
  R8: 0x00007f482b81cea0  R9: 0x00007f482b827370 R10: 0x0000000000000007
 R11: 0x00007f482b93c530 R12: 0x00007f47e4961630 R13: 0x0000000000000006
 R14: 0x0000000000000000 R15: 0x00007f4823f0fbf0 EFL: 0x0000000000210246

-- C level backtrace information -------------------------------------------
/lib64/libruby3.3.so.3.3(0x7f482b8535e5) [0x7f482b8535e5]
/lib64/libruby3.3.so.3.3(0x7f482b85588e) [0x7f482b85588e]
/lib64/libruby3.3.so.3.3(0x7f482b6bf2e0) [0x7f482b6bf2e0]
/lib64/libruby3.3.so.3.3(0x7f482b7d1bad) [0x7f482b7d1bad]
/lib64/libc.so.6(__restore_rt+0x0) [0x7f482ac41240]
/lib64/libruby3.3.so.3.3(0x7f482b698275) [0x7f482b698275]
/lib64/libruby3.3.so.3.3(0x7f482b6d016c) [0x7f482b6d016c]
/lib64/libruby3.3.so.3.3(0x7f482b6d02ee) [0x7f482b6d02ee]
/lib64/libruby3.3.so.3.3(rb_exc_raise+0x15) [0x7f482b6d0305]
/lib64/libruby3.3.so.3.3(rb_raise+0xae) [0x7f482b6c0c5e]
/lib64/libruby3.3.so.3.3(0x7f482b7464f2) [0x7f482b7464f2]
/lib64/libruby3.3.so.3.3(0x7f482b74b9fe) [0x7f482b74b9fe]
/lib64/libruby3.3.so.3.3(rb_string_value+0x18) [0x7f482b7db218]
/lib64/libruby3.3.so.3.3(0x7f482b6d262a) [0x7f482b6d262a]
/lib64/libruby3.3.so.3.3(0x7f482b723283) [0x7f482b723283]
/lib64/libruby3.3.so.3.3(0x7f482b843b5f) [0x7f482b843b5f]
/lib64/libruby3.3.so.3.3(0x7f482b843dc5) [0x7f482b843dc5]
/lib64/libruby3.3.so.3.3(rb_funcallv+0x1c8) [0x7f482b845e48]
build/mkxp.bin.x86_64(0x555ff91500f0) [0x555ff91500f0]
/lib64/libruby3.3.so.3.3(0x7f482b843b5f) [0x7f482b843b5f]
/lib64/libruby3.3.so.3.3(rb_funcallv+0x1c8) [0x7f482b845e48]
build/mkxp.bin.x86_64(_Z17kernelLoadDataIntPKcb) [0x555ff914fbcd]
build/mkxp.bin.x86_64(0x555ff913fe0a) [0x555ff913fe0a]
build/mkxp.bin.x86_64(_Z13rgssThreadFunPv) [0x555ff90dbd9f]
/usr/local/lib/libSDL2-2.0.so.0(0x7f482beb929a) [0x7f482beb929a]
/usr/local/lib/libSDL2-2.0.so.0(0x7f482bf781f6) [0x7f482bf781f6]
/lib64/libc.so.6(start_thread+0x354) [0x7f482ac92bb2]
/lib64/libc.so.6(__clone3+0x2e) [0x7f482ad1400c]

-- Other runtime information -----------------------------------------------

* Loaded script: ruby

* Loaded features:

    0 enumerator.so
    1 thread.rb
    2 fiber.so
    3 rational.so
    4 complex.so
    5 ruby2_keywords.rb

* Process memory map:

555ff90a3000-555ff90da000 r--p 00000000 fe:02 140781442                  /home/valerio/Falcon-mkxp/build/mkxp.bin.x86_64
555ff90da000-555ff9154000 r-xp 00037000 fe:02 140781442                  /home/valerio/Falcon-mkxp/build/mkxp.bin.x86_64
555ff9154000-555ff9191000 r--p 000b1000 fe:02 140781442                  /home/valerio/Falcon-mkxp/build/mkxp.bin.x86_64
555ff9191000-555ff9194000 r--p 000ee000 fe:02 140781442                  /home/valerio/Falcon-mkxp/build/mkxp.bin.x86_64
555ff9194000-555ff942d000 rw-p 000f1000 fe:02 140781442                  /home/valerio/Falcon-mkxp/build/mkxp.bin.x86_64
555ff942d000-555ff942e000 rw-p 00000000 00:00 0 
555ff9a02000-555ff9d24000 rw-p 00000000 00:00 0                          [heap]
7f47b8000000-7f47d00df000 rw-p 00000000 00:00 0 
7f47d00df000-7f47d4000000 ---p 00000000 00:00 0 
7f47d8000000-7f47d8021000 rw-p 00000000 00:00 0 
7f47d8021000-7f47dc000000 ---p 00000000 00:00 0 
7f47dc000000-7f47dc021000 rw-p 00000000 00:00 0 
7f47dc021000-7f47e0000000 ---p 00000000 00:00 0 
7f47e4000000-7f47e4c1a000 rw-p 00000000 00:00 0 
7f47e4c1a000-7f47e8000000 ---p 00000000 00:00 0 
7f47e8000000-7f47e8021000 rw-p 00000000 00:00 0 
7f47e8021000-7f47ec000000 ---p 00000000 00:00 0 
7f47ed200000-7f47ed448000 r--s 00000000 00:26 21669004                   /usr/lib64/libc.so.6
7f47ed600000-7f47eda56000 r--s 00000000 00:26 21691903                   /usr/lib64/libruby3.3.so.3.3.0
7f47edc00000-7f47edfbf000 r--s 00000000 fe:02 140781442                  /home/valerio/Falcon-mkxp/build/mkxp.bin.x86_64
7f47ee000000-7f47ee001000 ---p 00000000 00:00 0 
7f47ee001000-7f47ee0a2000 rw-p 00000000 00:00 0 
7f47ee0a2000-7f47ee0a3000 ---p 00000000 00:00 0 
7f47ee0a3000-7f47ee144000 rw-p 00000000 00:00 0 
7f47ee144000-7f47ee145000 ---p 00000000 00:00 0 
7f47ee145000-7f47ee1e6000 rw-p 00000000 00:00 0 
7f47ee1e6000-7f47ee1e7000 ---p 00000000 00:00 0 
7f47ee1e7000-7f47ee288000 rw-p 00000000 00:00 0 
7f47ee288000-7f47ee289000 ---p 00000000 00:00 0 
7f47ee289000-7f47ee32a000 rw-p 00000000 00:00 0 
7f47ee32a000-7f47ee32b000 ---p 00000000 00:00 0 
7f47ee32b000-7f47ee3cc000 rw-p 00000000 00:00 0 
7f47ee3cc000-7f47ee3cd000 ---p 00000000 00:00 0 
7f47ee3cd000-7f47ee46e000 rw-p 00000000 00:00 0 
7f47ee46e000-7f47ee46f000 ---p 00000000 00:00 0 
7f47ee46f000-7f47ee510000 rw-p 00000000 00:00 0 
7f47ee510000-7f47ee511000 ---p 00000000 00:00 0 
7f47ee511000-7f47ee5b2000 rw-p 00000000 00:00 0 
7f47ee5b2000-7f47ee5b3000 ---p 00000000 00:00 0 
7f47ee5b3000-7f47ee654000 rw-p 00000000 00:00 0 
7f47ee654000-7f47ee655000 ---p 00000000 00:00 0 
7f47ee655000-7f47ee6f6000 rw-p 00000000 00:00 0 
7f47ee6f6000-7f47ee6f7000 ---p 00000000 00:00 0 
7f47ee6f7000-7f47ee798000 rw-p 00000000 00:00 0 
7f47ee798000-7f47ee799000 ---p 00000000 00:00 0 
7f47ee799000-7f47ee83a000 rw-p 00000000 00:00 0 
7f47ee83a000-7f47ee83b000 ---p 00000000 00:00 0 
7f47ee83b000-7f47ee8dc000 rw-p 00000000 00:00 0 
7f47ee8dc000-7f47ee8dd000 ---p 00000000 00:00 0 
7f47ee8dd000-7f47ee97e000 rw-p 00000000 00:00 0 
7f47ee97e000-7f47ee97f000 ---p 00000000 00:00 0 
7f47ee97f000-7f47eea20000 rw-p 00000000 00:00 0 
7f47eea20000-7f47eea21000 ---p 00000000 00:00 0 
7f47eea21000-7f47eeac2000 rw-p 00000000 00:00 0 
7f47eeac2000-7f47eeac3000 ---p 00000000 00:00 0 
7f47eeac3000-7f47eeb64000 rw-p 00000000 00:00 0 
7f47eeb64000-7f47eeb65000 ---p 00000000 00:00 0 
7f47eeb65000-7f47eec06000 rw-p 00000000 00:00 0 
7f47eec06000-7f47eec07000 ---p 00000000 00:00 0 
7f47eec07000-7f47eeca8000 rw-p 00000000 00:00 0 
7f47eeca8000-7f47eeca9000 ---p 00000000 00:00 0 
7f47eeca9000-7f47eed4a000 rw-p 00000000 00:00 0 
7f47eed4a000-7f47eed4b000 ---p 00000000 00:00 0 
7f47eed4b000-7f47eedec000 rw-p 00000000 00:00 0 
7f47eedec000-7f47eeded000 ---p 00000000 00:00 0 
7f47eeded000-7f47eee8e000 rw-p 00000000 00:00 0 
7f47eee8e000-7f47eee8f000 ---p 00000000 00:00 0 
7f47eee8f000-7f47eef30000 rw-p 00000000 00:00 0 
7f47eef30000-7f47eef31000 ---p 00000000 00:00 0 
7f47eef31000-7f47eefd2000 rw-p 00000000 00:00 0 
7f47eefd2000-7f47eefd3000 ---p 00000000 00:00 0 
7f47eefd3000-7f47ef074000 rw-p 00000000 00:00 0 
7f47ef074000-7f47ef075000 ---p 00000000 00:00 0 
7f47ef075000-7f47ef116000 rw-p 00000000 00:00 0 
7f47ef116000-7f47ef117000 ---p 00000000 00:00 0 
7f47ef117000-7f47ef1b8000 rw-p 00000000 00:00 0 
7f47ef1b8000-7f47ef1b9000 ---p 00000000 00:00 0 
7f47ef1b9000-7f47ef25a000 rw-p 00000000 00:00 0 
7f47ef25a000-7f47ef25b000 ---p 00000000 00:00 0 
7f47ef25b000-7f47ef2fc000 rw-p 00000000 00:00 0 
7f47ef2fc000-7f47ef2fd000 ---p 00000000 00:00 0 
7f47ef2fd000-7f47ef39e000 rw-p 00000000 00:00 0 
7f47ef39e000-7f47ef39f000 ---p 00000000 00:00 0 
7f47ef39f000-7f47ef440000 rw-p 00000000 00:00 0 
7f47ef600000-7f47ef601000 ---p 00000000 00:00 0 
7f47ef601000-7f47efe01000 rw-p 00000000 00:00 0 
7f47f0000000-7f47f0021000 rw-p 00000000 00:00 0 
7f47f0021000-7f47f4000000 ---p 00000000 00:00 0 
7f47f4000000-7f47f4021000 rw-p 00000000 00:00 0 
7f47f4021000-7f47f8000000 ---p 00000000 00:00 0 
7f47f8400000-7f47f9800000 rw-p 00000000 00:00 0 
7f47f9800000-7f47f9801000 ---p 00000000 00:00 0 
7f47f9801000-7f47fa001000 rw-p 00000000 00:00 0 
7f47fa200000-7f47fa201000 ---p 00000000 00:00 0 
7f47fa201000-7f47faa01000 rw-p 00000000 00:00 0 
7f47fac00000-7f47fac01000 ---p 00000000 00:00 0 
7f47fac01000-7f47fb401000 rw-p 00000000 00:00 0 
7f47fb600000-7f47fb601000 ---p 00000000 00:00 0 
7f47fb601000-7f47fbe01000 rw-p 00000000 00:00 0 
7f47fc000000-7f47fc021000 rw-p 00000000 00:00 0 
7f47fc021000-7f4800000000 ---p 00000000 00:00 0 
7f4800000000-7f4800021000 rw-p 00000000 00:00 0 
7f4800021000-7f4804000000 ---p 00000000 00:00 0 
7f4804000000-7f4808000000 rw-s 00000000 00:01 715                        /memfd:pulseaudio (deleted)
7f4808000000-7f4808067000 rw-p 00000000 00:00 0 
7f4808067000-7f480c000000 ---p 00000000 00:00 0 
7f480c000000-7f480c021000 rw-p 00000000 00:00 0 
7f480c021000-7f4810000000 ---p 00000000 00:00 0 
7f4810400000-7f4810401000 ---p 00000000 00:00 0 
7f4810401000-7f4810c01000 rw-p 00000000 00:00 0 
7f4810e00000-7f4810e01000 ---p 00000000 00:00 0 
7f4810e01000-7f4811601000 rw-p 00000000 00:00 0 
7f4811800000-7f4811801000 ---p 00000000 00:00 0 
7f4811801000-7f4812001000 rw-p 00000000 00:00 0 
7f4812200000-7f4812201000 ---p 00000000 00:00 0 
7f4812201000-7f4812a01000 rw-p 00000000 00:00 0 
7f4812c00000-7f4812c01000 ---p 00000000 00:00 0 
7f4812c01000-7f4813401000 rw-p 00000000 00:00 0 
7f4813600000-7f4813601000 ---p 00000000 00:00 0 
7f4813601000-7f4813e01000 rw-p 00000000 00:00 0 
7f4814000000-7f4814021000 rw-p 00000000 00:00 0 
7f4814021000-7f4818000000 ---p 00000000 00:00 0 
7f4818000000-7f4818200000 rw-s 144035000 00:05 567                       /dev/dri/renderD128
7f4818200000-7f4818400000 rw-s 143e35000 00:05 567                       /dev/dri/renderD128
7f4818400000-7f4818600000 rw-s 143c35000 00:05 567                       /dev/dri/renderD128
7f4818600000-7f4818800000 rw-s 136a80000 00:05 567                       /dev/dri/renderD128
7f4818800000-7f4818a00000 rw-s 137a23000 00:05 567                       /dev/dri/renderD128
7f4818a00000-7f4818a01000 ---p 00000000 00:00 0 
7f4818a01000-7f4819201000 rw-p 00000000 00:00 0 
7f4819400000-7f4819401000 ---p 00000000 00:00 0 
7f4819401000-7f4819c01000 rw-p 00000000 00:00 0 
7f4819c16000-7f4819e00000 r--s 00000000 00:2c 56764                      /usr/local/lib64/libSDL2-2.0.so.0.3100.0
7f4819e00000-7f4819e01000 ---p 00000000 00:00 0 
7f4819e01000-7f481a601000 rw-p 00000000 00:00 0 
7f481a6ff000-7f481a800000 rw-p 00000000 00:00 0 
7f481a800000-7f481aff5000 r--p 00000000 00:26 21719405                   /usr/lib64/libLLVM.so.18.1
7f481aff5000-7f481ea0d000 r-xp 007f5000 00:26 21719405                   /usr/lib64/libLLVM.so.18.1
7f481ea0d000-7f482185b000 r--p 0420d000 00:26 21719405                   /usr/lib64/libLLVM.so.18.1
7f482185b000-7f4821a4b000 r--p 0705a000 00:26 21719405                   /usr/lib64/libLLVM.so.18.1
7f4821a4b000-7f4821a92000 rw-p 0724a000 00:26 21719405                   /usr/lib64/libLLVM.so.18.1
7f4821a92000-7f4821b12000 rw-p 00000000 00:00 0 
7f4821b30000-7f4821c00000 rw-p 00000000 00:00 0 
7f4821c00000-7f4821c91000 r--p 00000000 00:26 22053654                   /usr/lib64/dri/radeonsi_dri.so
7f4821c91000-7f4823108000 r-xp 00091000 00:26 22053654                   /usr/lib64/dri/radeonsi_dri.so
7f4823108000-7f4823bf1000 r--p 01508000 00:26 22053654                   /usr/lib64/dri/radeonsi_dri.so
7f4823bf1000-7f4823c89000 r--p 01ff1000 00:26 22053654                   /usr/lib64/dri/radeonsi_dri.so
7f4823c89000-7f4823cc2000 rw-p 02089000 00:26 22053654                   /usr/lib64/dri/radeonsi_dri.so
7f4823cc2000-7f4823e87000 rw-p 00000000 00:00 0 
7f4823f00000-7f4823f70000 rw-p 00000000 00:00 0 
7f4823f7f000-7f4824021000 rw-p 00000000 00:00 0 
7f4824021000-7f4828000000 ---p 00000000 00:00 0 
7f4828010000-7f4828030000 rw-p 00000000 00:00 0 
7f482803e000-7f48280bf000 rw-p 00000000 00:00 0 
7f48280bf000-7f4828200000 rw-s 00000000 fe:02 134249022                  /home/valerio/.cache/mesa_shader_cache/index
7f4828200000-7f4828201000 ---p 00000000 00:00 0 
7f4828201000-7f4828a01000 rw-p 00000000 00:00 0 
7f4828a20000-7f4828a40000 rw-p 00000000 00:00 0 
7f4828a47000-7f4828b3e000 rw-p 00000000 00:00 0 
7f4828b3e000-7f4828b41000 r--p 00000000 00:26 21692062                   /usr/lib64/libpciaccess.so.0.11.1
7f4828b41000-7f4828b46000 r-xp 00003000 00:26 21692062                   /usr/lib64/libpciaccess.so.0.11.1
7f4828b46000-7f4828b48000 r--p 00008000 00:26 21692062                   /usr/lib64/libpciaccess.so.0.11.1
7f4828b48000-7f4828b49000 r--p 00009000 00:26 21692062                   /usr/lib64/libpciaccess.so.0.11.1
7f4828b49000-7f4828b4a000 rw-p 0000a000 00:26 21692062                   /usr/lib64/libpciaccess.so.0.11.1
7f4828b4a000-7f4828b80000 r--p 00000000 00:26 21691370                   /usr/lib64/libxml2.so.2.11.6
7f4828b80000-7f4828c63000 r-xp 00036000 00:26 21691370                   /usr/lib64/libxml2.so.2.11.6
7f4828c63000-7f4828cad000 r--p 00119000 00:26 21691370                   /usr/lib64/libxml2.so.2.11.6
7f4828cad000-7f4828cb8000 r--p 00163000 00:26 21691370                   /usr/lib64/libxml2.so.2.11.6
7f4828cb8000-7f4828cb9000 rw-p 0016e000 00:26 21691370                   /usr/lib64/libxml2.so.2.11.6
7f4828cb9000-7f4828cba000 rw-p 00000000 00:00 0 
7f4828cba000-7f4828cc6000 r--p 00000000 00:26 22033443                   /usr/lib64/libtinfo.so.6.4
7f4828cc6000-7f4828cda000 r-xp 0000c000 00:26 22033443                   /usr/lib64/libtinfo.so.6.4
7f4828cda000-7f4828ce9000 r--p 00020000 00:26 22033443                   /usr/lib64/libtinfo.so.6.4
7f4828ce9000-7f4828cea000 r--p 0002f000 00:26 22033443                   /usr/lib64/libtinfo.so.6.4
7f4828cea000-7f4828cf5000 rw-p 00030000 00:26 22033443                   /usr/lib64/libtinfo.so.6.4
7f4828cf5000-7f4828cfe000 r--p 00000000 00:26 21693048                   /usr/lib64/libedit.so.0.0.68
7f4828cfe000-7f4828d1d000 r-xp 00009000 00:26 21693048                   /usr/lib64/libedit.so.0.0.68
7f4828d1d000-7f4828d2b000 r--p 00028000 00:26 21693048                   /usr/lib64/libedit.so.0.0.68
7f4828d2b000-7f4828d2d000 r--p 00035000 00:26 21693048                   /usr/lib64/libedit.so.0.0.68
7f4828d2d000-7f4828d2e000 rw-p 00037000 00:26 21693048                   /usr/lib64/libedit.so.0.0.68
7f4828d2e000-7f4828d31000 rw-p 00000000 00:00 0 
7f4828d31000-7f4828d35000 r--p 00000000 00:26 21719497                   /usr/lib64/libdrm_intel.so.1.0.0
7f4828d35000-7f4828d4b000 r-xp 00004000 00:26 21719497                   /usr/lib64/libdrm_intel.so.1.0.0
7f4828d4b000-7f4828d55000 r--p 0001a000 00:26 21719497                   /usr/lib64/libdrm_intel.so.1.0.0
7f4828d55000-7f4828d56000 r--p 00023000 00:26 21719497                   /usr/lib64/libdrm_intel.so.1.0.0
7f4828d56000-7f4828d57000 rw-p 00024000 00:26 21719497                   /usr/lib64/libdrm_intel.so.1.0.0
7f4828d57000-7f4828d59000 r--p 00000000 00:26 21719494                   /usr/lib64/libdrm_nouveau.so.2.0.0
7f4828d59000-7f4828d5e000 r-xp 00002000 00:26 21719494                   /usr/lib64/libdrm_nouveau.so.2.0.0
7f4828d5e000-7f4828d60000 r--p 00007000 00:26 21719494                   /usr/lib64/libdrm_nouveau.so.2.0.0
7f4828d60000-7f4828d61000 r--p 00008000 00:26 21719494                   /usr/lib64/libdrm_nouveau.so.2.0.0
7f4828d61000-7f4828d62000 rw-p 00009000 00:26 21719494                   /usr/lib64/libdrm_nouveau.so.2.0.0
7f4828d62000-7f4828d65000 r--p 00000000 00:26 21831221                   /usr/lib64/libdrm_amdgpu.so.1.0.0
7f4828d65000-7f4828d6a000 r-xp 00003000 00:26 21831221                   /usr/lib64/libdrm_amdgpu.so.1.0.0
7f4828d6a000-7f4828d6c000 r--p 00008000 00:26 21831221                   /usr/lib64/libdrm_amdgpu.so.1.0.0
7f4828d6c000-7f4828d6d000 r--p 00009000 00:26 21831221                   /usr/lib64/libdrm_amdgpu.so.1.0.0
7f4828d6d000-7f4828d6e000 rw-p 0000a000 00:26 21831221                   /usr/lib64/libdrm_amdgpu.so.1.0.0
7f4828d6e000-7f4828d72000 r--p 00000000 00:26 21669233                   /usr/lib64/libelf-0.191.so
7f4828d72000-7f4828d84000 r-xp 00004000 00:26 21669233                   /usr/lib64/libelf-0.191.so
7f4828d84000-7f4828d88000 r--p 00016000 00:26 21669233                   /usr/lib64/libelf-0.191.so
7f4828d88000-7f4828d89000 r--p 0001a000 00:26 21669233                   /usr/lib64/libelf-0.191.so
7f4828d89000-7f4828d8a000 rw-p 0001b000 00:26 21669233                   /usr/lib64/libelf-0.191.so
7f4828d8a000-7f4828d8c000 r--p 00000000 00:26 21719491                   /usr/lib64/libdrm_radeon.so.1.0.1
7f4828d8c000-7f4828d92000 r-xp 00002000 00:26 21719491                   /usr/lib64/libdrm_radeon.so.1.0.1
7f4828d92000-7f4828d96000 r--p 00008000 00:26 21719491                   /usr/lib64/libdrm_radeon.so.1.0.1
7f4828d96000-7f4828d97000 r--p 0000b000 00:26 21719491                   /usr/lib64/libdrm_radeon.so.1.0.1
7f4828d97000-7f4828d98000 rw-p 0000c000 00:26 21719491                   /usr/lib64/libdrm_radeon.so.1.0.1
7f4828d98000-7f4828d9c000 r--p 00000000 00:26 21669160                   /usr/lib64/libexpat.so.1.9.2
7f4828d9c000-7f4828db9000 r-xp 00004000 00:26 21669160                   /usr/lib64/libexpat.so.1.9.2
7f4828db9000-7f4828dc1000 r--p 00021000 00:26 21669160                   /usr/lib64/libexpat.so.1.9.2
7f4828dc1000-7f4828dc3000 r--p 00029000 00:26 21669160                   /usr/lib64/libexpat.so.1.9.2
7f4828dc3000-7f4828dc4000 rw-p 0002b000 00:26 21669160                   /usr/lib64/libexpat.so.1.9.2
7f4828dc4000-7f4828dc7000 r--p 00000000 00:26 22021772                   /usr/lib64/libxcb-sync.so.1.0.0
7f4828dc7000-7f4828dca000 r-xp 00003000 00:26 22021772                   /usr/lib64/libxcb-sync.so.1.0.0
7f4828dca000-7f4828dcb000 r--p 00006000 00:26 22021772                   /usr/lib64/libxcb-sync.so.1.0.0
7f4828dcb000-7f4828dcc000 r--p 00007000 00:26 22021772                   /usr/lib64/libxcb-sync.so.1.0.0
7f4828dcc000-7f4828dcd000 rw-p 00008000 00:26 22021772                   /usr/lib64/libxcb-sync.so.1.0.0
7f4828dcd000-7f4828dcf000 r--p 00000000 00:26 22021796                   /usr/lib64/libxcb-present.so.0.0.0
7f4828dcf000-7f4828dd0000 r-xp 00002000 00:26 22021796                   /usr/lib64/libxcb-present.so.0.0.0
7f4828dd0000-7f4828dd1000 r--p 00003000 00:26 22021796                   /usr/lib64/libxcb-present.so.0.0.0
7f4828dd1000-7f4828dd2000 r--p 00003000 00:26 22021796                   /usr/lib64/libxcb-present.so.0.0.0
7f4828dd2000-7f4828dd3000 rw-p 00004000 00:26 22021796                   /usr/lib64/libxcb-present.so.0.0.0
7f4828dd3000-7f4828dda000 r--p 00000000 00:26 21691500                   /usr/lib64/libwayland-server.so.0.22.0
7f4828dda000-7f4828de2000 r-xp 00007000 00:26 21691500                   /usr/lib64/libwayland-server.so.0.22.0
7f4828de2000-7f4828de6000 r--p 0000f000 00:26 21691500                   /usr/lib64/libwayland-server.so.0.22.0
7f4828de6000-7f4828de8000 r--p 00013000 00:26 21691500                   /usr/lib64/libwayland-server.so.0.22.0
7f4828de8000-7f4828de9000 rw-p 00015000 00:26 21691500                   /usr/lib64/libwayland-server.so.0.22.0
7f4828de9000-7f4828def000 r--p 00000000 00:26 21693103                   /usr/lib64/libdrm.so.2.4.0
7f4828def000-7f4828dfa000 r-xp 00006000 00:26 21693103                   /usr/lib64/libdrm.so.2.4.0
7f4828dfa000-7f4828dfe000 r--p 00011000 00:26 21693103                   /usr/lib64/libdrm.so.2.4.0
7f4828dfe000-7f4828dff000 r--p 00015000 00:26 21693103                   /usr/lib64/libdrm.so.2.4.0
7f4828dff000-7f4828e00000 rw-p 00016000 00:26 21693103                   /usr/lib64/libdrm.so.2.4.0
7f4828e00000-7f4828e01000 ---p 00000000 00:00 0 
7f4828e01000-7f4829601000 rw-p 00000000 00:00 0 
7f4829601000-7f4829602000 r--p 00000000 00:26 21691364                   /usr/lib64/libxshmfence.so.1.0.0
7f4829602000-7f4829603000 r-xp 00001000 00:26 21691364                   /usr/lib64/libxshmfence.so.1.0.0
7f4829603000-7f4829604000 r--p 00002000 00:26 21691364                   /usr/lib64/libxshmfence.so.1.0.0
7f4829604000-7f4829605000 r--p 00002000 00:26 21691364                   /usr/lib64/libxshmfence.so.1.0.0
7f4829605000-7f4829606000 rw-p 00003000 00:26 21691364                   /usr/lib64/libxshmfence.so.1.0.0
7f4829606000-7f4829608000 r--p 00000000 00:26 22021802                   /usr/lib64/libxcb-dri3.so.0.1.0
7f4829608000-7f482960a000 r-xp 00002000 00:26 22021802                   /usr/lib64/libxcb-dri3.so.0.1.0
7f482960a000-7f482960b000 r--p 00004000 00:26 22021802                   /usr/lib64/libxcb-dri3.so.0.1.0
7f482960b000-7f482960c000 r--p 00004000 00:26 22021802                   /usr/lib64/libxcb-dri3.so.0.1.0
7f482960c000-7f482960d000 rw-p 00005000 00:26 22021802                   /usr/lib64/libxcb-dri3.so.0.1.0
7f482960d000-7f4829611000 r--p 00000000 00:26 22021766                   /usr/lib64/libxcb-xfixes.so.0.0.0
7f4829611000-7f4829614000 r-xp 00004000 00:26 22021766                   /usr/lib64/libxcb-xfixes.so.0.0.0
7f4829614000-7f4829615000 r--p 00007000 00:26 22021766                   /usr/lib64/libxcb-xfixes.so.0.0.0
7f4829615000-7f4829616000 r--p 00008000 00:26 22021766                   /usr/lib64/libxcb-xfixes.so.0.0.0
7f4829616000-7f4829617000 rw-p 00009000 00:26 22021766                   /usr/lib64/libxcb-xfixes.so.0.0.0
7f4829617000-7f482961f000 r--p 00000000 00:26 22021793                   /usr/lib64/libxcb-randr.so.0.1.0
7f482961f000-7f4829624000 r-xp 00008000 00:26 22021793                   /usr/lib64/libxcb-randr.so.0.1.0
7f4829624000-7f4829627000 r--p 0000d000 00:26 22021793                   /usr/lib64/libxcb-randr.so.0.1.0
7f4829627000-7f4829628000 r--p 00010000 00:26 22021793                   /usr/lib64/libxcb-randr.so.0.1.0
7f4829628000-7f4829629000 rw-p 00011000 00:26 22021793                   /usr/lib64/libxcb-randr.so.0.1.0
7f4829629000-7f4829636000 r--p 00000000 00:26 21829410                   /usr/lib64/libglapi.so.0.0.0
7f4829636000-7f4829644000 r-xp 0000d000 00:26 21829410                   /usr/lib64/libglapi.so.0.0.0
7f4829644000-7f4829658000 r--p 0001b000 00:26 21829410                   /usr/lib64/libglapi.so.0.0.0
7f4829658000-7f482965c000 r--p 0002f000 00:26 21829410                   /usr/lib64/libglapi.so.0.0.0
7f482965c000-7f482965d000 rw-p 00033000 00:26 21829410                   /usr/lib64/libglapi.so.0.0.0
7f482965d000-7f4829671000 r--p 00000000 00:26 21878128                   /usr/lib64/libEGL_mesa.so.0.0.0
7f4829671000-7f482969e000 r-xp 00014000 00:26 21878128                   /usr/lib64/libEGL_mesa.so.0.0.0
7f482969e000-7f48296af000 r--p 00041000 00:26 21878128                   /usr/lib64/libEGL_mesa.so.0.0.0
7f48296af000-7f48296b9000 r--p 00052000 00:26 21878128                   /usr/lib64/libEGL_mesa.so.0.0.0
7f48296b9000-7f48296ba000 rw-p 0005c000 00:26 21878128                   /usr/lib64/libEGL_mesa.so.0.0.0
7f48296ba000-7f48296d8000 r--p 00000000 00:26 22021820                   /usr/lib64/libX11.so.6.4.0
7f48296d8000-7f4829764000 r-xp 0001e000 00:26 22021820                   /usr/lib64/libX11.so.6.4.0
7f4829764000-7f48297f9000 r--p 000aa000 00:26 22021820                   /usr/lib64/libX11.so.6.4.0
7f48297f9000-7f48297fc000 r--p 0013f000 00:26 22021820                   /usr/lib64/libX11.so.6.4.0
7f48297fc000-7f4829800000 rw-p 00142000 00:26 22021820                   /usr/lib64/libX11.so.6.4.0
7f4829800000-7f4829801000 ---p 00000000 00:00 0 
7f4829801000-7f482a001000 rw-p 00000000 00:00 0 
7f482a005000-7f482a007000 r--p 00000000 00:26 22021805                   /usr/lib64/libxcb-dri2.so.0.0.0
7f482a007000-7f482a009000 r-xp 00002000 00:26 22021805                   /usr/lib64/libxcb-dri2.so.0.0.0
7f482a009000-7f482a00a000 r--p 00004000 00:26 22021805                   /usr/lib64/libxcb-dri2.so.0.0.0
7f482a00a000-7f482a00b000 r--p 00004000 00:26 22021805                   /usr/lib64/libxcb-dri2.so.0.0.0
7f482a00b000-7f482a00c000 rw-p 00005000 00:26 22021805                   /usr/lib64/libxcb-dri2.so.0.0.0
7f482a00c000-7f482a00d000 r--p 00000000 00:26 22021111                   /usr/lib64/libX11-xcb.so.1.0.0
7f482a00d000-7f482a00e000 r-xp 00001000 00:26 22021111                   /usr/lib64/libX11-xcb.so.1.0.0
7f482a00e000-7f482a00f000 r--p 00002000 00:26 22021111                   /usr/lib64/libX11-xcb.so.1.0.0
7f482a00f000-7f482a010000 r--p 00002000 00:26 22021111                   /usr/lib64/libX11-xcb.so.1.0.0
7f482a010000-7f482a011000 rw-p 00003000 00:26 22021111                   /usr/lib64/libX11-xcb.so.1.0.0
7f482a011000-7f482a01e000 r--p 00000000 00:26 21829487                   /usr/lib64/libgbm.so.1.0.0
7f482a01e000-7f482a025000 r-xp 0000d000 00:26 21829487                   /usr/lib64/libgbm.so.1.0.0
7f482a025000-7f482a02b000 r--p 00014000 00:26 21829487                   /usr/lib64/libgbm.so.1.0.0
7f482a02b000-7f482a032000 r--p 0001a000 00:26 21829487                   /usr/lib64/libgbm.so.1.0.0
7f482a032000-7f482a033000 rw-p 00021000 00:26 21829487                   /usr/lib64/libgbm.so.1.0.0
7f482a033000-7f482a036000 r--p 00000000 00:26 21835215                   /usr/lib64/libEGL.so.1.1.0
7f482a036000-7f482a03f000 r-xp 00003000 00:26 21835215                   /usr/lib64/libEGL.so.1.1.0
7f482a03f000-7f482a043000 r--p 0000c000 00:26 21835215                   /usr/lib64/libEGL.so.1.1.0
7f482a043000-7f482a044000 r--p 0000f000 00:26 21835215                   /usr/lib64/libEGL.so.1.1.0
7f482a044000-7f482a045000 rw-p 00010000 00:26 21835215                   /usr/lib64/libEGL.so.1.1.0
7f482a045000-7f482a086000 r--p 00000000 00:26 21835220                   /usr/lib64/libGLdispatch.so.0.0.0
7f482a086000-7f482a0c4000 r-xp 00041000 00:26 21835220                   /usr/lib64/libGLdispatch.so.0.0.0
7f482a0c4000-7f482a0d7000 r--p 0007f000 00:26 21835220                   /usr/lib64/libGLdispatch.so.0.0.0
7f482a0d7000-7f482a0f3000 r--p 00092000 00:26 21835220                   /usr/lib64/libGLdispatch.so.0.0.0
7f482a0f3000-7f482a0f4000 rw-p 000ae000 00:26 21835220                   /usr/lib64/libGLdispatch.so.0.0.0
7f482a0f4000-7f482a0fc000 rw-p 00000000 00:00 0 
7f482a0fc000-7f482a0ff000 r--p 00000000 00:26 21835219                   /usr/lib64/libGLX.so.0.0.0
7f482a0ff000-7f482a119000 r-xp 00003000 00:26 21835219                   /usr/lib64/libGLX.so.0.0.0
7f482a119000-7f482a11c000 r--p 0001d000 00:26 21835219                   /usr/lib64/libGLX.so.0.0.0
7f482a11c000-7f482a11d000 r--p 0001f000 00:26 21835219                   /usr/lib64/libGLX.so.0.0.0
7f482a11d000-7f482a11e000 rw-p 00020000 00:26 21835219                   /usr/lib64/libGLX.so.0.0.0
7f482a11e000-7f482a12e000 rw-p 00000000 00:00 0 
7f482a12e000-7f482a177000 r--p 00000000 00:26 21835216                   /usr/lib64/libGL.so.1.7.0
7f482a177000-7f482a196000 r-xp 00049000 00:26 21835216                   /usr/lib64/libGL.so.1.7.0
7f482a196000-7f482a1ab000 r--p 00068000 00:26 21835216                   /usr/lib64/libGL.so.1.7.0
7f482a1ab000-7f482a1b9000 r--p 0007c000 00:26 21835216                   /usr/lib64/libGL.so.1.7.0
7f482a1b9000-7f482a1ba000 rw-p 0008a000 00:26 21835216                   /usr/lib64/libGL.so.1.7.0
7f482a1ba000-7f482a1bb000 rw-p 00000000 00:00 0 
7f482a1bb000-7f482a1bf000 r--p 00000000 00:26 22045305                   /usr/lib64/pipewire-0.3/libpipewire-module-session-manager.so
7f482a1bf000-7f482a1da000 r-xp 00004000 00:26 22045305                   /usr/lib64/pipewire-0.3/libpipewire-module-session-manager.so
7f482a1da000-7f482a1e0000 r--p 0001f000 00:26 22045305                   /usr/lib64/pipewire-0.3/libpipewire-module-session-manager.so
7f482a1e0000-7f482a1e2000 r--p 00025000 00:26 22045305                   /usr/lib64/pipewire-0.3/libpipewire-module-session-manager.so
7f482a1e2000-7f482a1e3000 rw-p 00027000 00:26 22045305                   /usr/lib64/pipewire-0.3/libpipewire-module-session-manager.so
7f482a1e3000-7f482a1e6000 r--p 00000000 00:26 22045288                   /usr/lib64/pipewire-0.3/libpipewire-module-metadata.so
7f482a1e6000-7f482a1ed000 r-xp 00003000 00:26 22045288                   /usr/lib64/pipewire-0.3/libpipewire-module-metadata.so
7f482a1ed000-7f482a1ef000 r--p 0000a000 00:26 22045288                   /usr/lib64/pipewire-0.3/libpipewire-module-metadata.so
7f482a1ef000-7f482a1f0000 r--p 0000b000 00:26 22045288                   /usr/lib64/pipewire-0.3/libpipewire-module-metadata.so
7f482a1f0000-7f482a1f1000 rw-p 0000c000 00:26 22045288                   /usr/lib64/pipewire-0.3/libpipewire-module-metadata.so
7f482a1f1000-7f482a1fb000 r--p 00000000 00:26 22045273                   /usr/lib64/pipewire-0.3/libpipewire-module-adapter.so
7f482a1fb000-7f482a205000 r-xp 0000a000 00:26 22045273                   /usr/lib64/pipewire-0.3/libpipewire-module-adapter.so
7f482a205000-7f482a20c000 r--p 00014000 00:26 22045273                   /usr/lib64/pipewire-0.3/libpipewire-module-adapter.so
7f482a20c000-7f482a215000 r--p 0001a000 00:26 22045273                   /usr/lib64/pipewire-0.3/libpipewire-module-adapter.so
7f482a215000-7f482a216000 rw-p 00023000 00:26 22045273                   /usr/lib64/pipewire-0.3/libpipewire-module-adapter.so
7f482a216000-7f482a218000 r--p 00000000 00:26 22045275                   /usr/lib64/pipewire-0.3/libpipewire-module-client-device.so
7f482a218000-7f482a220000 r-xp 00002000 00:26 22045275                   /usr/lib64/pipewire-0.3/libpipewire-module-client-device.so
7f482a220000-7f482a221000 r--p 0000a000 00:26 22045275                   /usr/lib64/pipewire-0.3/libpipewire-module-client-device.so
7f482a221000-7f482a222000 r--p 0000b000 00:26 22045275                   /usr/lib64/pipewire-0.3/libpipewire-module-client-device.so
7f482a222000-7f482a223000 rw-p 0000c000 00:26 22045275                   /usr/lib64/pipewire-0.3/libpipewire-module-client-device.so
7f482a223000-7f482a22f000 r--p 00000000 00:26 22045276                   /usr/lib64/pipewire-0.3/libpipewire-module-client-node.so
7f482a22f000-7f482a24e000 r-xp 0000c000 00:26 22045276                   /usr/lib64/pipewire-0.3/libpipewire-module-client-node.so
7f482a24e000-7f482a25a000 r--p 0002b000 00:26 22045276                   /usr/lib64/pipewire-0.3/libpipewire-module-client-node.so
7f482a25a000-7f482a264000 r--p 00036000 00:26 22045276                   /usr/lib64/pipewire-0.3/libpipewire-module-client-node.so
7f482a264000-7f482a265000 rw-p 00040000 00:26 22045276                   /usr/lib64/pipewire-0.3/libpipewire-module-client-node.so
7f482a265000-7f482a268000 r--p 00000000 00:26 21669027                   /usr/lib64/libpcre2-8.so.0.12.0
7f482a268000-7f482a2e1000 r-xp 00003000 00:26 21669027                   /usr/lib64/libpcre2-8.so.0.12.0
7f482a2e1000-7f482a30f000 r--p 0007c000 00:26 21669027                   /usr/lib64/libpcre2-8.so.0.12.0
7f482a30f000-7f482a310000 r--p 000aa000 00:26 21669027                   /usr/lib64/libpcre2-8.so.0.12.0
7f482a310000-7f482a311000 rw-p 000ab000 00:26 21669027                   /usr/lib64/libpcre2-8.so.0.12.0
7f482a311000-7f482a318000 r--p 00000000 00:26 21669038                   /usr/lib64/libselinux.so.1
7f482a318000-7f482a333000 r-xp 00007000 00:26 21669038                   /usr/lib64/libselinux.so.1
7f482a333000-7f482a33b000 r--p 00022000 00:26 21669038                   /usr/lib64/libselinux.so.1
7f482a33b000-7f482a33c000 r--p 00029000 00:26 21669038                   /usr/lib64/libselinux.so.1
7f482a33c000-7f482a33d000 rw-p 0002a000 00:26 21669038                   /usr/lib64/libselinux.so.1
7f482a33d000-7f482a33f000 rw-p 00000000 00:00 0 
7f482a33f000-7f482a352000 r--p 00000000 00:26 22045294                   /usr/lib64/pipewire-0.3/libpipewire-module-protocol-native.so
7f482a352000-7f482a370000 r-xp 00013000 00:26 22045294                   /usr/lib64/pipewire-0.3/libpipewire-module-protocol-native.so
7f482a370000-7f482a37d000 r--p 00031000 00:26 22045294                   /usr/lib64/pipewire-0.3/libpipewire-module-protocol-native.so
7f482a37d000-7f482a38d000 r--p 0003d000 00:26 22045294                   /usr/lib64/pipewire-0.3/libpipewire-module-protocol-native.so
7f482a38d000-7f482a38e000 rw-p 0004d000 00:26 22045294                   /usr/lib64/pipewire-0.3/libpipewire-module-protocol-native.so
7f482a38e000-7f482a3c3000 r--s 00000000 00:2e 67821                      /var/lib/nscd/passwd
7f482a3c3000-7f482a3c5000 r--p 00000000 00:26 22044319                   /usr/lib64/spa-0.2/support/libspa-dbus.so
7f482a3c5000-7f482a3c8000 r-xp 00002000 00:26 22044319                   /usr/lib64/spa-0.2/support/libspa-dbus.so
7f482a3c8000-7f482a3c9000 r--p 00005000 00:26 22044319                   /usr/lib64/spa-0.2/support/libspa-dbus.so
7f482a3c9000-7f482a3ca000 r--p 00006000 00:26 22044319                   /usr/lib64/spa-0.2/support/libspa-dbus.so
7f482a3ca000-7f482a3cb000 rw-p 00007000 00:26 22044319                   /usr/lib64/spa-0.2/support/libspa-dbus.so
7f482a3cb000-7f482a3d2000 r--s 00000000 00:26 22086756                   /usr/lib64/gconv/gconv-modules.cache
7f482a3d2000-7f482a3d8000 r--p 00000000 00:26 21669272                   /usr/lib64/libudev.so.1.7.8
7f482a3d8000-7f482a3f9000 r-xp 00006000 00:26 21669272                   /usr/lib64/libudev.so.1.7.8
7f482a3f9000-7f482a404000 r--p 00027000 00:26 21669272                   /usr/lib64/libudev.so.1.7.8
7f482a404000-7f482a405000 r--p 00032000 00:26 21669272                   /usr/lib64/libudev.so.1.7.8
7f482a405000-7f482a406000 rw-p 00033000 00:26 21669272                   /usr/lib64/libudev.so.1.7.8
7f482a406000-7f482a40b000 r--p 00000000 00:26 21710239                   /usr/lib64/libxkbcommon.so.0.0.0
7f482a40b000-7f482a42a000 r-xp 00005000 00:26 21710239                   /usr/lib64/libxkbcommon.so.0.0.0
7f482a42a000-7f482a44d000 r--p 00024000 00:26 21710239                   /usr/lib64/libxkbcommon.so.0.0.0
7f482a44d000-7f482a44f000 r--p 00046000 00:26 21710239                   /usr/lib64/libxkbcommon.so.0.0.0
7f482a44f000-7f482a450000 rw-p 00048000 00:26 21710239                   /usr/lib64/libxkbcommon.so.0.0.0
7f482a450000-7f482a452000 r--p 00000000 00:26 21713716                   /usr/lib64/libwayland-cursor.so.0.22.0
7f482a452000-7f482a454000 r-xp 00002000 00:26 21713716                   /usr/lib64/libwayland-cursor.so.0.22.0
7f482a454000-7f482a455000 r--p 00004000 00:26 21713716                   /usr/lib64/libwayland-cursor.so.0.22.0
7f482a455000-7f482a456000 r--p 00004000 00:26 21713716                   /usr/lib64/libwayland-cursor.so.0.22.0
7f482a456000-7f482a45a000 rw-p 00005000 00:26 21713716                   /usr/lib64/libwayland-cursor.so.0.22.0
7f482a45a000-7f482a45c000 r--p 00000000 00:26 21669155                   /usr/lib64/libffi.so.8.1.4
7f482a45c000-7f482a462000 r-xp 00002000 00:26 21669155                   /usr/lib64/libffi.so.8.1.4
7f482a462000-7f482a463000 r--p 00008000 00:26 21669155                   /usr/lib64/libffi.so.8.1.4
7f482a463000-7f482a464000 r--p 00009000 00:26 21669155                   /usr/lib64/libffi.so.8.1.4
7f482a464000-7f482a465000 rw-p 0000a000 00:26 21669155                   /usr/lib64/libffi.so.8.1.4
7f482a465000-7f482a470000 rw-p 00000000 00:00 0 
7f482a470000-7f482a475000 r--p 00000000 00:26 21671072                   /usr/lib64/libgpg-error.so.0.35.0
7f482a475000-7f482a48a000 r-xp 00005000 00:26 21671072                   /usr/lib64/libgpg-error.so.0.35.0
7f482a48a000-7f482a494000 r--p 0001a000 00:26 21671072                   /usr/lib64/libgpg-error.so.0.35.0
7f482a494000-7f482a495000 r--p 00023000 00:26 21671072                   /usr/lib64/libgpg-error.so.0.35.0
7f482a495000-7f482a496000 rw-p 00024000 00:26 21671072                   /usr/lib64/libgpg-error.so.0.35.0
7f482a496000-7f482a49b000 r--p 00000000 00:26 21691310                   /usr/lib64/glibc-hwcaps/x86-64-v3/libzstd.so.1.5.6
7f482a49b000-7f482a536000 r-xp 00005000 00:26 21691310                   /usr/lib64/glibc-hwcaps/x86-64-v3/libzstd.so.1.5.6
7f482a536000-7f482a545000 r--p 000a0000 00:26 21691310                   /usr/lib64/glibc-hwcaps/x86-64-v3/libzstd.so.1.5.6
7f482a545000-7f482a546000 r--p 000af000 00:26 21691310                   /usr/lib64/glibc-hwcaps/x86-64-v3/libzstd.so.1.5.6
7f482a546000-7f482a547000 rw-p 000b0000 00:26 21691310                   /usr/lib64/glibc-hwcaps/x86-64-v3/libzstd.so.1.5.6
7f482a547000-7f482a54b000 r--p 00000000 00:26 22021404                   /usr/lib64/glibc-hwcaps/x86-64-v3/liblzma.so.5.4.2
7f482a54b000-7f482a572000 r-xp 00004000 00:26 22021404                   /usr/lib64/glibc-hwcaps/x86-64-v3/liblzma.so.5.4.2
7f482a572000-7f482a57e000 r--p 0002b000 00:26 22021404                   /usr/lib64/glibc-hwcaps/x86-64-v3/liblzma.so.5.4.2
7f482a57e000-7f482a57f000 r--p 00037000 00:26 22021404                   /usr/lib64/glibc-hwcaps/x86-64-v3/liblzma.so.5.4.2
7f482a57f000-7f482a580000 rw-p 00038000 00:26 22021404                   /usr/lib64/glibc-hwcaps/x86-64-v3/liblzma.so.5.4.2
7f482a580000-7f482a583000 r--p 00000000 00:26 21692513                   /usr/lib64/glibc-hwcaps/x86-64-v3/liblz4.so.1.9.4
7f482a583000-7f482a59f000 r-xp 00003000 00:26 21692513                   /usr/lib64/glibc-hwcaps/x86-64-v3/liblz4.so.1.9.4
7f482a59f000-7f482a5a2000 r--p 0001f000 00:26 21692513                   /usr/lib64/glibc-hwcaps/x86-64-v3/liblz4.so.1.9.4
7f482a5a2000-7f482a5a3000 r--p 00021000 00:26 21692513                   /usr/lib64/glibc-hwcaps/x86-64-v3/liblz4.so.1.9.4
7f482a5a3000-7f482a5a4000 rw-p 00022000 00:26 21692513                   /usr/lib64/glibc-hwcaps/x86-64-v3/liblz4.so.1.9.4
7f482a5a4000-7f482a5b4000 r--p 00000000 00:26 21692856                   /usr/lib64/glibc-hwcaps/x86-64-v3/libgcrypt.so.20.4.3
7f482a5b4000-7f482a6a6000 r-xp 00010000 00:26 21692856                   /usr/lib64/glibc-hwcaps/x86-64-v3/libgcrypt.so.20.4.3
7f482a6a6000-7f482a6e5000 r--p 00102000 00:26 21692856                   /usr/lib64/glibc-hwcaps/x86-64-v3/libgcrypt.so.20.4.3
7f482a6e5000-7f482a6ea000 r--p 00141000 00:26 21692856                   /usr/lib64/glibc-hwcaps/x86-64-v3/libgcrypt.so.20.4.3
7f482a6ea000-7f482a6ee000 rw-p 00146000 00:26 21692856                   /usr/lib64/glibc-hwcaps/x86-64-v3/libgcrypt.so.20.4.3
7f482a6ee000-7f482a6ef000 rw-p 00000000 00:00 0 
7f482a6ef000-7f482a6f3000 r--p 00000000 00:26 21991171                   /usr/lib64/libopus.so.0.10.1
7f482a6f3000-7f482a741000 r-xp 00004000 00:26 21991171                   /usr/lib64/libopus.so.0.10.1
7f482a741000-7f482a754000 r--p 00052000 00:26 21991171                   /usr/lib64/libopus.so.0.10.1
7f482a754000-7f482a755000 r--p 00065000 00:26 21991171                   /usr/lib64/libopus.so.0.10.1
7f482a755000-7f482a756000 rw-p 00066000 00:26 21991171                   /usr/lib64/libopus.so.0.10.1
7f482a756000-7f482a759000 r--p 00000000 00:26 21691801                   /usr/lib64/libspeex.so.1.5.2
7f482a759000-7f482a76b000 r-xp 00003000 00:26 21691801                   /usr/lib64/libspeex.so.1.5.2
7f482a76b000-7f482a770000 r--p 00015000 00:26 21691801                   /usr/lib64/libspeex.so.1.5.2
7f482a770000-7f482a771000 r--p 0001a000 00:26 21691801                   /usr/lib64/libspeex.so.1.5.2
7f482a771000-7f482a772000 rw-p 0001b000 00:26 21691801                   /usr/lib64/libspeex.so.1.5.2
7f482a772000-7f482a77b000 r--p 00000000 00:26 21749390                   /usr/lib64/glibc-hwcaps/x86-64-v3/libFLAC.so.12.1.0
7f482a77b000-7f482a7ca000 r-xp 00009000 00:26 21749390                   /usr/lib64/glibc-hwcaps/x86-64-v3/libFLAC.so.12.1.0
7f482a7ca000-7f482a7d3000 r--p 00058000 00:26 21749390                   /usr/lib64/glibc-hwcaps/x86-64-v3/libFLAC.so.12.1.0
7f482a7d3000-7f482a7d4000 r--p 00061000 00:26 21749390                   /usr/lib64/glibc-hwcaps/x86-64-v3/libFLAC.so.12.1.0
7f482a7d4000-7f482a7d5000 rw-p 00062000 00:26 21749390                   /usr/lib64/glibc-hwcaps/x86-64-v3/libFLAC.so.12.1.0
7f482a7d5000-7f482a7e9000 r--p 00000000 00:26 21761731                   /usr/lib64/glibc-hwcaps/x86-64-v3/libvorbisenc.so.2.0.12
7f482a7e9000-7f482a7ec000 r-xp 00014000 00:26 21761731                   /usr/lib64/glibc-hwcaps/x86-64-v3/libvorbisenc.so.2.0.12
7f482a7ec000-7f482a863000 r--p 00017000 00:26 21761731                   /usr/lib64/glibc-hwcaps/x86-64-v3/libvorbisenc.so.2.0.12
7f482a863000-7f482a87f000 r--p 0008d000 00:26 21761731                   /usr/lib64/glibc-hwcaps/x86-64-v3/libvorbisenc.so.2.0.12
7f482a87f000-7f482a880000 rw-p 000a9000 00:26 21761731                   /usr/lib64/glibc-hwcaps/x86-64-v3/libvorbisenc.so.2.0.12
7f482a880000-7f482a8b6000 r--p 00000000 00:26 22044328                   /usr/lib64/libpipewire-0.3.so.0.1005.0
7f482a8b6000-7f482a919000 r-xp 00036000 00:26 22044328                   /usr/lib64/libpipewire-0.3.so.0.1005.0
7f482a919000-7f482a938000 r--p 00099000 00:26 22044328                   /usr/lib64/libpipewire-0.3.so.0.1005.0
7f482a938000-7f482a963000 r--p 000b8000 00:26 22044328                   /usr/lib64/libpipewire-0.3.so.0.1005.0
7f482a963000-7f482a964000 rw-p 000e3000 00:26 22044328                   /usr/lib64/libpipewire-0.3.so.0.1005.0
7f482a964000-7f482a965000 rw-p 00000000 00:00 0 
7f482a965000-7f482a97d000 r--p 00000000 00:26 21671890                   /usr/lib64/libsystemd.so.0.38.0
7f482a97d000-7f482aa08000 r-xp 00018000 00:26 21671890                   /usr/lib64/libsystemd.so.0.38.0
7f482aa08000-7f482aa39000 r--p 000a3000 00:26 21671890                   /usr/lib64/libsystemd.so.0.38.0
7f482aa39000-7f482aa45000 r--p 000d3000 00:26 21671890                   /usr/lib64/libsystemd.so.0.38.0
7f482aa45000-7f482aa46000 rw-p 000df000 00:26 21671890                   /usr/lib64/libsystemd.so.0.38.0
7f482aa46000-7f482aa47000 rw-p 00000000 00:00 0 
7f482aa47000-7f482aa54000 r--p 00000000 00:26 21991211                   /usr/lib64/libxcb.so.1.1.0
7f482aa54000-7f482aa68000 r-xp 0000d000 00:26 21991211                   /usr/lib64/libxcb.so.1.1.0
7f482aa68000-7f482aa71000 r--p 00021000 00:26 21991211                   /usr/lib64/libxcb.so.1.1.0
7f482aa71000-7f482aa72000 r--p 00029000 00:26 21991211                   /usr/lib64/libxcb.so.1.1.0
7f482aa72000-7f482aa73000 rw-p 0002a000 00:26 21991211                   /usr/lib64/libxcb.so.1.1.0
7f482aa73000-7f482aa7b000 r--p 00000000 00:26 21761733                   /usr/lib64/libsndfile.so.1.0.37
7f482aa7b000-7f482aad6000 r-xp 00008000 00:26 21761733                   /usr/lib64/libsndfile.so.1.0.37
7f482aad6000-7f482aaf3000 r--p 00063000 00:26 21761733                   /usr/lib64/libsndfile.so.1.0.37
7f482aaf3000-7f482aaf6000 r--p 0007f000 00:26 21761733                   /usr/lib64/libsndfile.so.1.0.37
7f482aaf6000-7f482aaf7000 rw-p 00082000 00:26 21761733                   /usr/lib64/libsndfile.so.1.0.37
7f482aaf7000-7f482aaf9000 rw-p 00000000 00:00 0 
7f482aaf9000-7f482ab03000 r--p 00000000 00:26 22051659                   /usr/lib64/pipewire-0.3/jack/libjack.so.0.3.1005
7f482ab03000-7f482ab24000 r-xp 0000a000 00:26 22051659                   /usr/lib64/pipewire-0.3/jack/libjack.so.0.3.1005
7f482ab24000-7f482ab32000 r--p 0002b000 00:26 22051659                   /usr/lib64/pipewire-0.3/jack/libjack.so.0.3.1005
7f482ab32000-7f482ab37000 r--p 00039000 00:26 22051659                   /usr/lib64/pipewire-0.3/jack/libjack.so.0.3.1005
7f482ab37000-7f482ab38000 rw-p 0003e000 00:26 22051659                   /usr/lib64/pipewire-0.3/jack/libjack.so.0.3.1005
7f482ab39000-7f482ab3a000 r--p 00000000 00:26 21691505                   /usr/lib64/libwayland-egl.so.1.22.0
7f482ab3a000-7f482ab3b000 r-xp 00001000 00:26 21691505                   /usr/lib64/libwayland-egl.so.1.22.0
7f482ab3b000-7f482ab3c000 r--p 00002000 00:26 21691505                   /usr/lib64/libwayland-egl.so.1.22.0
7f482ab3c000-7f482ab3d000 r--p 00002000 00:26 21691505                   /usr/lib64/libwayland-egl.so.1.22.0
7f482ab3d000-7f482ab3e000 rw-p 00003000 00:26 21691505                   /usr/lib64/libwayland-egl.so.1.22.0
7f482ab3e000-7f482ab44000 r--p 00000000 00:26 21691508                   /usr/lib64/libwayland-client.so.0.22.0
7f482ab44000-7f482ab4a000 r-xp 00006000 00:26 21691508                   /usr/lib64/libwayland-client.so.0.22.0
7f482ab4a000-7f482ab4d000 r--p 0000c000 00:26 21691508                   /usr/lib64/libwayland-client.so.0.22.0
7f482ab4d000-7f482ab4f000 r--p 0000e000 00:26 21691508                   /usr/lib64/libwayland-client.so.0.22.0
7f482ab4f000-7f482ab50000 rw-p 00010000 00:26 21691508                   /usr/lib64/libwayland-client.so.0.22.0
7f482ab50000-7f482ab51000 r--p 00000000 00:26 22044320                   /usr/lib64/spa-0.2/support/libspa-journal.so
7f482ab51000-7f482ab53000 r-xp 00001000 00:26 22044320                   /usr/lib64/spa-0.2/support/libspa-journal.so
7f482ab53000-7f482ab54000 r--p 00003000 00:26 22044320                   /usr/lib64/spa-0.2/support/libspa-journal.so
7f482ab54000-7f482ab55000 r--p 00003000 00:26 22044320                   /usr/lib64/spa-0.2/support/libspa-journal.so
7f482ab55000-7f482ab56000 rw-p 00004000 00:26 22044320                   /usr/lib64/spa-0.2/support/libspa-journal.so
7f482ab56000-7f482ab5a000 r--p 00000000 00:26 22044321                   /usr/lib64/spa-0.2/support/libspa-support.so
7f482ab5a000-7f482ab6f000 r-xp 00004000 00:26 22044321                   /usr/lib64/spa-0.2/support/libspa-support.so
7f482ab6f000-7f482ab75000 r--p 00019000 00:26 22044321                   /usr/lib64/spa-0.2/support/libspa-support.so
7f482ab75000-7f482ab77000 r--p 0001f000 00:26 22044321                   /usr/lib64/spa-0.2/support/libspa-support.so
7f482ab77000-7f482ab78000 rw-p 00021000 00:26 22044321                   /usr/lib64/spa-0.2/support/libspa-support.so
7f482ab78000-7f482ab8e000 r--p 00000000 00:26 21771201                   /usr/lib64/pulseaudio/libpulsecommon-17.0.so
7f482ab8e000-7f482abd6000 r-xp 00016000 00:26 21771201                   /usr/lib64/pulseaudio/libpulsecommon-17.0.so
7f482abd6000-7f482abfd000 r--p 0005e000 00:26 21771201                   /usr/lib64/pulseaudio/libpulsecommon-17.0.so
7f482abfd000-7f482abff000 r--p 00085000 00:26 21771201                   /usr/lib64/pulseaudio/libpulsecommon-17.0.so
7f482abff000-7f482ac00000 rw-p 00087000 00:26 21771201                   /usr/lib64/pulseaudio/libpulsecommon-17.0.so
7f482ac00000-7f482ac28000 r--p 00000000 00:26 21669004                   /usr/lib64/libc.so.6
7f482ac28000-7f482ad95000 r-xp 00028000 00:26 21669004                   /usr/lib64/libc.so.6
7f482ad95000-7f482adeb000 r--p 00195000 00:26 21669004                   /usr/lib64/libc.so.6
7f482adeb000-7f482adef000 r--p 001ea000 00:26 21669004                   /usr/lib64/libc.so.6
7f482adef000-7f482adf8000 rw-p 001ee000 00:26 21669004                   /usr/lib64/libc.so.6
7f482adf8000-7f482ae05000 rw-p 00000000 00:00 0 
7f482ae05000-7f482ae07000 r--p 00000000 00:18 2                          /dev/shm/wlroots-OhehbI (deleted)
7f482ae07000-7f482ae08000 rw-s 137c23000 00:05 567                       /dev/dri/renderD128
7f482ae08000-7f482ae0e000 rw-p 00000000 00:00 0 
7f482ae0e000-7f482ae11000 r--p 00000000 00:26 21669181                   /usr/lib64/libcap.so.2.69
7f482ae11000-7f482ae16000 r-xp 00003000 00:26 21669181                   /usr/lib64/libcap.so.2.69
7f482ae16000-7f482ae18000 r--p 00008000 00:26 21669181                   /usr/lib64/libcap.so.2.69
7f482ae18000-7f482ae19000 r--p 0000a000 00:26 21669181                   /usr/lib64/libcap.so.2.69
7f482ae19000-7f482ae1a000 rw-p 0000b000 00:26 21669181                   /usr/lib64/libcap.so.2.69
7f482ae1a000-7f482ae1b000 r--p 00000000 00:26 21669218                   /usr/lib64/libXau.so.6.0.0
7f482ae1b000-7f482ae1c000 r-xp 00001000 00:26 21669218                   /usr/lib64/libXau.so.6.0.0
7f482ae1c000-7f482ae1d000 r--p 00002000 00:26 21669218                   /usr/lib64/libXau.so.6.0.0
7f482ae1d000-7f482ae1e000 r--p 00002000 00:26 21669218                   /usr/lib64/libXau.so.6.0.0
7f482ae1e000-7f482ae1f000 rw-p 00003000 00:26 21669218                   /usr/lib64/libXau.so.6.0.0
7f482ae1f000-7f482ae2e000 r--p 00000000 00:26 21684286                   /usr/lib64/libdbus-1.so.3.32.4
7f482ae2e000-7f482ae5d000 r-xp 0000f000 00:26 21684286                   /usr/lib64/libdbus-1.so.3.32.4
7f482ae5d000-7f482ae6f000 r--p 0003e000 00:26 21684286                   /usr/lib64/libdbus-1.so.3.32.4
7f482ae6f000-7f482ae71000 r--p 00050000 00:26 21684286                   /usr/lib64/libdbus-1.so.3.32.4
7f482ae71000-7f482ae72000 rw-p 00052000 00:26 21684286                   /usr/lib64/libdbus-1.so.3.32.4
7f482ae72000-7f482aea0000 r--p 00000000 00:26 21694005                   /usr/lib64/libasound.so.2.0.0
7f482aea0000-7f482af37000 r-xp 0002e000 00:26 21694005                   /usr/lib64/libasound.so.2.0.0
7f482af37000-7f482af74000 r--p 000c5000 00:26 21694005                   /usr/lib64/libasound.so.2.0.0
7f482af74000-7f482af7b000 r--p 00101000 00:26 21694005                   /usr/lib64/libasound.so.2.0.0
7f482af7b000-7f482af7c000 rw-p 00108000 00:26 21694005                   /usr/lib64/libasound.so.2.0.0
7f482af7c000-7f482af81000 r--p 00000000 00:26 21833935                   /usr/lib64/libportaudio.so.2.0.0
7f482af81000-7f482af99000 r-xp 00005000 00:26 21833935                   /usr/lib64/libportaudio.so.2.0.0
7f482af99000-7f482afa9000 r--p 0001d000 00:26 21833935                   /usr/lib64/libportaudio.so.2.0.0
7f482afa9000-7f482afaa000 r--p 0002d000 00:26 21833935                   /usr/lib64/libportaudio.so.2.0.0
7f482afaa000-7f482afab000 rw-p 0002e000 00:26 21833935                   /usr/lib64/libportaudio.so.2.0.0
7f482afab000-7f482afb8000 r--p 00000000 00:26 21771200                   /usr/lib64/libpulse.so.0.24.3
7f482afb8000-7f482afe7000 r-xp 0000d000 00:26 21771200                   /usr/lib64/libpulse.so.0.24.3
7f482afe7000-7f482affd000 r--p 0003c000 00:26 21771200                   /usr/lib64/libpulse.so.0.24.3
7f482affd000-7f482afff000 r--p 00051000 00:26 21771200                   /usr/lib64/libpulse.so.0.24.3
7f482afff000-7f482b000000 rw-p 00053000 00:26 21771200                   /usr/lib64/libpulse.so.0.24.3
7f482b000000-7f482b0a5000 r--p 00000000 00:26 22075285                   /usr/lib64/libstdc++.so.6.0.33
7f482b0a5000-7f482b1d3000 r-xp 000a5000 00:26 22075285                   /usr/lib64/libstdc++.so.6.0.33
7f482b1d3000-7f482b246000 r--p 001d3000 00:26 22075285                   /usr/lib64/libstdc++.so.6.0.33
7f482b246000-7f482b253000 r--p 00246000 00:26 22075285                   /usr/lib64/libstdc++.so.6.0.33
7f482b253000-7f482b254000 rw-p 00253000 00:26 22075285                   /usr/lib64/libstdc++.so.6.0.33
7f482b254000-7f482b258000 rw-p 00000000 00:00 0 
7f482b258000-7f482b259000 rw-s 12ba08000 00:05 567                       /dev/dri/renderD128
7f482b259000-7f482b25f000 rw-p 00000000 00:00 0 
7f482b25f000-7f482b263000 r--p 00000000 00:26 21749379                   /usr/lib64/glibc-hwcaps/x86-64-v3/libvorbis.so.0.4.9
7f482b263000-7f482b27a000 r-xp 00004000 00:26 21749379                   /usr/lib64/glibc-hwcaps/x86-64-v3/libvorbis.so.0.4.9
7f482b27a000-7f482b28b000 r--p 0001b000 00:26 21749379                   /usr/lib64/glibc-hwcaps/x86-64-v3/libvorbis.so.0.4.9
7f482b28b000-7f482b28c000 r--p 0002c000 00:26 21749379                   /usr/lib64/glibc-hwcaps/x86-64-v3/libvorbis.so.0.4.9
7f482b28c000-7f482b28d000 rw-p 0002d000 00:26 21749379                   /usr/lib64/glibc-hwcaps/x86-64-v3/libvorbis.so.0.4.9
7f482b28d000-7f482b290000 r--p 00000000 00:26 21669169                   /usr/lib64/libcrypt.so.1.1.0
7f482b290000-7f482b2a5000 r-xp 00003000 00:26 21669169                   /usr/lib64/libcrypt.so.1.1.0
7f482b2a5000-7f482b2bf000 r--p 00018000 00:26 21669169                   /usr/lib64/libcrypt.so.1.1.0
7f482b2bf000-7f482b2c0000 r--p 00031000 00:26 21669169                   /usr/lib64/libcrypt.so.1.1.0
7f482b2c0000-7f482b2c1000 rw-p 00032000 00:26 21669169                   /usr/lib64/libcrypt.so.1.1.0
7f482b2c1000-7f482b2c9000 rw-p 00000000 00:00 0 
7f482b2c9000-7f482b2db000 r--p 00000000 00:26 21669148                   /usr/lib64/libgmp.so.10.5.0
7f482b2db000-7f482b356000 r-xp 00012000 00:26 21669148                   /usr/lib64/libgmp.so.10.5.0
7f482b356000-7f482b36d000 r--p 0008d000 00:26 21669148                   /usr/lib64/libgmp.so.10.5.0
7f482b36d000-7f482b36f000 r--p 000a4000 00:26 21669148                   /usr/lib64/libgmp.so.10.5.0
7f482b36f000-7f482b370000 rw-p 000a6000 00:26 21669148                   /usr/lib64/libgmp.so.10.5.0
7f482b370000-7f482b374000 r--p 00000000 00:26 21991049                   /usr/lib64/libgcc_s.so.1
7f482b374000-7f482b397000 r-xp 00004000 00:26 21991049                   /usr/lib64/libgcc_s.so.1
7f482b397000-7f482b39b000 r--p 00027000 00:26 21991049                   /usr/lib64/libgcc_s.so.1
7f482b39b000-7f482b39c000 r--p 0002b000 00:26 21991049                   /usr/lib64/libgcc_s.so.1
7f482b39c000-7f482b39d000 rw-p 0002c000 00:26 21991049                   /usr/lib64/libgcc_s.so.1
7f482b39d000-7f482b3b0000 r--p 00000000 00:26 21834180                   /usr/lib64/libopenal.so.1.22.2
7f482b3b0000-7f482b459000 r-xp 00013000 00:26 21834180                   /usr/lib64/libopenal.so.1.22.2
7f482b459000-7f482b49a000 r--p 000bc000 00:26 21834180                   /usr/lib64/libopenal.so.1.22.2
7f482b49a000-7f482b49f000 r--p 000fd000 00:26 21834180                   /usr/lib64/libopenal.so.1.22.2
7f482b49f000-7f482b4a0000 rw-p 00102000 00:26 21834180                   /usr/lib64/libopenal.so.1.22.2
7f482b4a0000-7f482b519000 rw-p 00000000 00:00 0 
7f482b519000-7f482b529000 r--p 00000000 00:26 21669007                   /usr/lib64/libm.so.6
7f482b529000-7f482b5a3000 r-xp 00010000 00:26 21669007                   /usr/lib64/libm.so.6
7f482b5a3000-7f482b5fd000 r--p 0008a000 00:26 21669007                   /usr/lib64/libm.so.6
7f482b5fd000-7f482b5fe000 r--p 000e3000 00:26 21669007                   /usr/lib64/libm.so.6
7f482b5fe000-7f482b600000 rw-p 000e4000 00:26 21669007                   /usr/lib64/libm.so.6
7f482b600000-7f482b641000 r--p 00000000 00:26 21691903                   /usr/lib64/libruby3.3.so.3.3.0
7f482b641000-7f482b8fb000 r-xp 00041000 00:26 21691903                   /usr/lib64/libruby3.3.so.3.3.0
7f482b8fb000-7f482ba45000 r--p 002fb000 00:26 21691903                   /usr/lib64/libruby3.3.so.3.3.0
7f482ba45000-7f482ba55000 r--p 00444000 00:26 21691903                   /usr/lib64/libruby3.3.so.3.3.0
7f482ba55000-7f482ba56000 rw-p 00454000 00:26 21691903                   /usr/lib64/libruby3.3.so.3.3.0
7f482ba56000-7f482ba6a000 rw-p 00000000 00:00 0 
7f482ba6a000-7f482ba6b000 rw-s 12ba07000 00:05 567                       /dev/dri/renderD128
7f482ba6b000-7f482ba6d000 rw-p 00000000 00:00 0 
7f482ba6d000-7f482ba6f000 r--p 00000000 00:26 21692211                   /usr/lib64/libogg.so.0.8.5
7f482ba6f000-7f482ba72000 r-xp 00002000 00:26 21692211                   /usr/lib64/libogg.so.0.8.5
7f482ba72000-7f482ba75000 r--p 00005000 00:26 21692211                   /usr/lib64/libogg.so.0.8.5
7f482ba75000-7f482ba76000 r--p 00008000 00:26 21692211                   /usr/lib64/libogg.so.0.8.5
7f482ba76000-7f482ba77000 rw-p 00009000 00:26 21692211                   /usr/lib64/libogg.so.0.8.5
7f482ba77000-7f482ba79000 rw-p 00000000 00:00 0 
7f482ba79000-7f482ba7a000 r--p 00000000 00:26 21669014                   /usr/lib64/libpthread.so.0
7f482ba7a000-7f482ba7b000 r-xp 00001000 00:26 21669014                   /usr/lib64/libpthread.so.0
7f482ba7b000-7f482ba7c000 r--p 00002000 00:26 21669014                   /usr/lib64/libpthread.so.0
7f482ba7c000-7f482ba7d000 r--p 00002000 00:26 21669014                   /usr/lib64/libpthread.so.0
7f482ba7d000-7f482ba7e000 rw-p 00003000 00:26 21669014                   /usr/lib64/libpthread.so.0
7f482ba7e000-7f482ba80000 rw-p 00000000 00:00 0 
7f482ba80000-7f482ba83000 r--p 00000000 00:26 21691335                   /usr/lib64/glibc-hwcaps/x86-64-v3/libz.so.1.3.1
7f482ba83000-7f482ba91000 r-xp 00003000 00:26 21691335                   /usr/lib64/glibc-hwcaps/x86-64-v3/libz.so.1.3.1
7f482ba91000-7f482ba98000 r--p 00011000 00:26 21691335                   /usr/lib64/glibc-hwcaps/x86-64-v3/libz.so.1.3.1
7f482ba98000-7f482ba99000 r--p 00017000 00:26 21691335                   /usr/lib64/glibc-hwcaps/x86-64-v3/libz.so.1.3.1
7f482ba99000-7f482ba9a000 rw-p 00018000 00:26 21691335                   /usr/lib64/glibc-hwcaps/x86-64-v3/libz.so.1.3.1
7f482ba9a000-7f482ba9c000 r--p 00000000 00:26 21761720                   /usr/lib64/glibc-hwcaps/x86-64-v3/libvorbisfile.so.3.3.8
7f482ba9c000-7f482baa1000 r-xp 00002000 00:26 21761720                   /usr/lib64/glibc-hwcaps/x86-64-v3/libvorbisfile.so.3.3.8
7f482baa1000-7f482baa2000 r--p 00007000 00:26 21761720                   /usr/lib64/glibc-hwcaps/x86-64-v3/libvorbisfile.so.3.3.8
7f482baa2000-7f482baa3000 r--p 00008000 00:26 21761720                   /usr/lib64/glibc-hwcaps/x86-64-v3/libvorbisfile.so.3.3.8
7f482baa3000-7f482baa4000 rw-p 00009000 00:26 21761720                   /usr/lib64/glibc-hwcaps/x86-64-v3/libvorbisfile.so.3.3.8
7f482baa4000-7f482baa6000 rw-p 00000000 00:00 0 
7f482baa6000-7f482bab6000 r--p 00000000 00:26 21721198                   /usr/lib64/glibc-hwcaps/x86-64-v3/libboost_program_options.so.1.84.0
7f482bab6000-7f482bad7000 r-xp 00010000 00:26 21721198                   /usr/lib64/glibc-hwcaps/x86-64-v3/libboost_program_options.so.1.84.0
7f482bad7000-7f482bae3000 r--p 00031000 00:26 21721198                   /usr/lib64/glibc-hwcaps/x86-64-v3/libboost_program_options.so.1.84.0
7f482bae3000-7f482bae6000 r--p 0003c000 00:26 21721198                   /usr/lib64/glibc-hwcaps/x86-64-v3/libboost_program_options.so.1.84.0
7f482bae6000-7f482bae7000 rw-p 0003f000 00:26 21721198                   /usr/lib64/glibc-hwcaps/x86-64-v3/libboost_program_options.so.1.84.0
7f482bae7000-7f482baf0000 r--p 00000000 00:26 21692012                   /usr/lib64/libpixman-1.so.0.43.2
7f482baf0000-7f482bb4b000 r-xp 00009000 00:26 21692012                   /usr/lib64/libpixman-1.so.0.43.2
7f482bb4b000-7f482bb5a000 r--p 00064000 00:26 21692012                   /usr/lib64/libpixman-1.so.0.43.2
7f482bb5a000-7f482bb5e000 r--p 00073000 00:26 21692012                   /usr/lib64/libpixman-1.so.0.43.2
7f482bb5e000-7f482bb5f000 rw-p 00077000 00:26 21692012                   /usr/lib64/libpixman-1.so.0.43.2
7f482bb5f000-7f482bb65000 r--p 00000000 00:26 20986187                   /usr/lib64/libphysfs.so.3.3.0
7f482bb65000-7f482bb88000 r-xp 00006000 00:26 20986187                   /usr/lib64/libphysfs.so.3.3.0
7f482bb88000-7f482bb90000 r--p 00029000 00:26 20986187                   /usr/lib64/libphysfs.so.3.3.0
7f482bb90000-7f482bb91000 ---p 00031000 00:26 20986187                   /usr/lib64/libphysfs.so.3.3.0
7f482bb91000-7f482bb93000 r--p 00031000 00:26 20986187                   /usr/lib64/libphysfs.so.3.3.0
7f482bb93000-7f482bb94000 rw-p 00033000 00:26 20986187                   /usr/lib64/libphysfs.so.3.3.0
7f482bb94000-7f482bb96000 rw-p 00000000 00:00 0 
7f482bb96000-7f482bb9a000 r--p 00000000 00:2c 56793                      /usr/local/lib64/libSDL2_sound.so.2.0.3
7f482bb9a000-7f482bbf3000 r-xp 00004000 00:2c 56793                      /usr/local/lib64/libSDL2_sound.so.2.0.3
7f482bbf3000-7f482bc03000 r--p 0005d000 00:2c 56793                      /usr/local/lib64/libSDL2_sound.so.2.0.3
7f482bc03000-7f482bc04000 r--p 0006d000 00:2c 56793                      /usr/local/lib64/libSDL2_sound.so.2.0.3
7f482bc04000-7f482bc05000 rw-p 0006e000 00:2c 56793                      /usr/local/lib64/libSDL2_sound.so.2.0.3
7f482bc05000-7f482bc0f000 rw-p 00000000 00:00 0 
7f482bc0f000-7f482bc1b000 r--p 00000000 00:2c 55889                      /usr/local/lib/libSDL2_ttf-2.0.so.0.2300.0
7f482bc1b000-7f482bd6e000 r-xp 0000c000 00:2c 55889                      /usr/local/lib/libSDL2_ttf-2.0.so.0.2300.0
7f482bd6e000-7f482bdd7000 r--p 0015f000 00:2c 55889                      /usr/local/lib/libSDL2_ttf-2.0.so.0.2300.0
7f482bdd7000-7f482bdde000 r--p 001c7000 00:2c 55889                      /usr/local/lib/libSDL2_ttf-2.0.so.0.2300.0
7f482bdde000-7f482bddf000 rw-p 001ce000 00:2c 55889                      /usr/local/lib/libSDL2_ttf-2.0.so.0.2300.0
7f482bddf000-7f482bde1000 rw-p 00000000 00:00 0 
7f482bde1000-7f482bde4000 r--p 00000000 00:2c 56468                      /usr/local/lib/libSDL2_image-2.0.so.0.900.0
7f482bde4000-7f482be0f000 r-xp 00003000 00:2c 56468                      /usr/local/lib/libSDL2_image-2.0.so.0.900.0
7f482be0f000-7f482be15000 r--p 0002e000 00:2c 56468                      /usr/local/lib/libSDL2_image-2.0.so.0.900.0
7f482be15000-7f482be16000 r--p 00034000 00:2c 56468                      /usr/local/lib/libSDL2_image-2.0.so.0.900.0
7f482be16000-7f482be17000 rw-p 00035000 00:2c 56468                      /usr/local/lib/libSDL2_image-2.0.so.0.900.0
7f482be17000-7f482be3f000 r--p 00000000 00:2c 56764                      /usr/local/lib64/libSDL2-2.0.so.0.3100.0
7f482be3f000-7f482bf7b000 r-xp 00028000 00:2c 56764                      /usr/local/lib64/libSDL2-2.0.so.0.3100.0
7f482bf7b000-7f482bff2000 r--p 00164000 00:2c 56764                      /usr/local/lib64/libSDL2-2.0.so.0.3100.0
7f482bff2000-7f482bffa000 r--p 001da000 00:2c 56764                      /usr/local/lib64/libSDL2-2.0.so.0.3100.0
7f482bffa000-7f482c002000 rw-p 001e2000 00:2c 56764                      /usr/local/lib64/libSDL2-2.0.so.0.3100.0
7f482c002000-7f482c007000 rw-p 00000000 00:00 0 
7f482c007000-7f482c00a000 r--p 00000000 00:26 21691849                   /usr/lib64/libsigc-2.0.so.0.0.0
7f482c00a000-7f482c00c000 r-xp 00003000 00:26 21691849                   /usr/lib64/libsigc-2.0.so.0.0.0
7f482c00c000-7f482c00e000 r--p 00005000 00:26 21691849                   /usr/lib64/libsigc-2.0.so.0.0.0
7f482c00e000-7f482c00f000 r--p 00006000 00:26 21691849                   /usr/lib64/libsigc-2.0.so.0.0.0
7f482c00f000-7f482c010000 rw-p 00007000 00:26 21691849                   /usr/lib64/libsigc-2.0.so.0.0.0
7f482c010000-7f482c012000 rw-p 00000000 00:00 0 
7f482c012000-7f482c013000 r--p 00000000 00:26 21669001                   /usr/lib64/ld-linux-x86-64.so.2
7f482c013000-7f482c03b000 r-xp 00001000 00:26 21669001                   /usr/lib64/ld-linux-x86-64.so.2
7f482c03b000-7f482c046000 r--p 00029000 00:26 21669001                   /usr/lib64/ld-linux-x86-64.so.2
7f482c046000-7f482c048000 r--p 00033000 00:26 21669001                   /usr/lib64/ld-linux-x86-64.so.2
7f482c048000-7f482c04a000 rw-p 00035000 00:26 21669001                   /usr/lib64/ld-linux-x86-64.so.2
7ffdb6f5c000-7ffdb6f7d000 rw-p 00000000 00:00 0                          [stack]
7ffdb6ff1000-7ffdb6ff5000 r--p 00000000 00:00 0                          [vvar]
7ffdb6ff5000-7ffdb6ff7000 r-xp 00000000 00:00 0                          [vdso]
ffffffffff600000-ffffffffff601000 --xp 00000000 00:00 0                  [vsyscall]


